<?xml version="1.0" encoding="UTF-8"?>
<!-- Generated by org.testng.reporters.JUnitReportReporter -->
<testsuite hostname="Lenovo" failures="0" tests="1" name="HomePageTest.DressPageTest" time="9.670" errors="0" timestamp="2021-12-28T19:55:11 IST" skipped="0">
  <testcase classname="HomePageTest.DressPageTest" name="verifyProductIsAddredTocart" time="9.670"/>
  <system-out/>
</testsuite> <!-- HomePageTest.DressPageTest -->
