<?xml version="1.0" encoding="UTF-8"?>
<!-- Generated by org.testng.reporters.JUnitReportReporter -->
<testsuite hostname="Lenovo" failures="0" tests="3" name="HomePageTest.HomePageTest" time="28.559" errors="0" timestamp="2021-12-27T21:44:32 IST" skipped="0">
  <testcase classname="HomePageTest.HomePageTest" name="verifyMainTabsAreDisplayedOrNot" time="0.619"/>
  <system-out/>
  <testcase classname="HomePageTest.HomePageTest" name="verifyNagivateFunction" time="20.234"/>
  <system-out/>
  <testcase classname="HomePageTest.HomePageTest" name="verifyEmail_id" time="7.706"/>
  <system-out/>
</testsuite> <!-- HomePageTest.HomePageTest -->
